<?xml version="1.0" encoding="UTF-8"?>
<testsuite xmlns:xsi="http://www.w3.org/2001/XMLSchema-instance" xsi:noNamespaceSchemaLocation="https://maven.apache.org/surefire/maven-surefire-plugin/xsd/surefire-test-report-3.0.xsd" version="3.0" name="br.com.barcelos.toDoList.ToDoListApplicationTests" time="13.618" tests="1" errors="0" skipped="0" failures="0">
  <properties>
[...]
</properties>
  <testcase name="contextLoads" classname="br.com.barcelos.toDoList.ToDoListApplicationTests" time="1.747">
    <system-out><![CDATA[17:38:00.753 [main] INFO org.springframework.test.context.support.AnnotationConfigContextLoaderUtils -- Could not detect default configuration classes for test class [br.com.barcelos.toDoList.ToDoListApplicationTests]: ToDoListApplicationTests does not declare any static, non-private, non-final, nested classes annotated with @Configuration.
17:38:00.955 [main] INFO org.springframework.boot.test.context.SpringBootTestContextBootstrapper -- Found @SpringBootConfiguration br.com.barcelos.toDoList.ToDoListApplication for test class br.com.barcelos.toDoList.ToDoListApplicationTests

  .   ____          _            __ _ _
 /\\ / ___'_ __ _ _(_)_ __  __ _ \ \ \ \
( ( )\___ | '_ | '_| | '_ \/ _` | \ \ \ \
 \\/  ___)| |_)| | | | | || (_| |  ) ) ) )
  '  |____| .__|_| |_|_| |_\__, | / / / /
 =========|_|==============|___/=/_/_/_/
 :: Spring Boot ::                (v3.1.4)

2023-10-16T17:38:01.665-03:00  INFO 174583 --- [           main] b.c.b.toDoList.ToDoListApplicationTests  : Starting ToDoListApplicationTests using Java 17.0.6 with PID 174583 (started by barcelos in /home/barcelos/RocketSeat/JavaMiniCurso/toDoList)
2023-10-16T17:38:01.669-03:00  INFO 174583 --- [           main] b.c.b.toDoList.ToDoListApplicationTests  : No active profile set, falling back to 1 default profile: "default"
2023-10-16T17:38:03.460-03:00  INFO 174583 --- [           main] .s.d.r.c.RepositoryConfigurationDelegate : Bootstrapping Spring Data JPA repositories in DEFAULT mode.
2023-10-16T17:38:03.723-03:00  INFO 174583 --- [           main] .s.d.r.c.RepositoryConfigurationDelegate : Finished Spring Data repository scanning in 233 ms. Found 2 JPA repository interfaces.
2023-10-16T17:38:05.318-03:00  INFO 174583 --- [           main] o.hibernate.jpa.internal.util.LogHelper  : HHH000204: Processing PersistenceUnitInfo [name: default]
2023-10-16T17:38:05.534-03:00  INFO 174583 --- [           main] org.hibernate.Version                    : HHH000412: Hibernate ORM core version 6.2.9.Final
2023-10-16T17:38:05.539-03:00  INFO 174583 --- [           main] org.hibernate.cfg.Environment            : HHH000406: Using bytecode reflection optimizer
2023-10-16T17:38:06.315-03:00  INFO 174583 --- [           main] o.h.b.i.BytecodeProviderInitiator        : HHH000021: Bytecode provider name : bytebuddy
2023-10-16T17:38:06.812-03:00  INFO 174583 --- [           main] o.s.o.j.p.SpringPersistenceUnitInfo      : No LoadTimeWeaver setup: ignoring JPA class transformer
2023-10-16T17:38:06.857-03:00  INFO 174583 --- [           main] com.zaxxer.hikari.HikariDataSource       : HikariPool-1 - Starting...
2023-10-16T17:38:07.474-03:00  INFO 174583 --- [           main] com.zaxxer.hikari.pool.HikariPool        : HikariPool-1 - Added connection conn0: url=jdbc:h2:mem:toDoListDB user=MATEUS
2023-10-16T17:38:07.477-03:00  INFO 174583 --- [           main] com.zaxxer.hikari.HikariDataSource       : HikariPool-1 - Start completed.
2023-10-16T17:38:08.390-03:00  INFO 174583 --- [           main] o.h.b.i.BytecodeProviderInitiator        : HHH000021: Bytecode provider name : bytebuddy
2023-10-16T17:38:10.069-03:00  INFO 174583 --- [           main] o.h.e.t.j.p.i.JtaPlatformInitiator       : HHH000490: Using JtaPlatform implementation: [org.hibernate.engine.transaction.jta.platform.internal.NoJtaPlatform]
Hibernate: create table tb_tasks (id uuid not null, created_at timestamp(6), description varchar(255), end_at timestamp(6), priority varchar(255), start_at timestamp(6), title varchar(50), user_id uuid, primary key (id))
Hibernate: create table tb_users (id uuid not null, created_at timestamp(6), name varchar(255) not null, password varchar(255) not null, username_column varchar(255), primary key (id))
Hibernate: alter table if exists tb_users drop constraint if exists UK_5lyivq1yhajn8ireunoyini5v
Hibernate: alter table if exists tb_users add constraint UK_5lyivq1yhajn8ireunoyini5v unique (username_column)
2023-10-16T17:38:10.198-03:00  INFO 174583 --- [           main] j.LocalContainerEntityManagerFactoryBean : Initialized JPA EntityManagerFactory for persistence unit 'default'
2023-10-16T17:38:11.142-03:00  WARN 174583 --- [           main] JpaBaseConfiguration$JpaWebConfiguration : spring.jpa.open-in-view is enabled by default. Therefore, database queries may be performed during view rendering. Explicitly configure spring.jpa.open-in-view to disable this warning
2023-10-16T17:38:12.083-03:00  INFO 174583 --- [           main] o.s.b.a.h2.H2ConsoleAutoConfiguration    : H2 console available at '/h2-db'. Database available at 'jdbc:h2:mem:toDoListDB'
2023-10-16T17:38:12.224-03:00  INFO 174583 --- [           main] b.c.b.toDoList.ToDoListApplicationTests  : Started ToDoListApplicationTests in 11.077 seconds (process running for 12.712)
]]></system-out>
  </testcase>
</testsuite>